TN:
SF:src/index.js
FNF:0
FNH:0
LF:0
LH:0
BRF:0
BRH:0
end_of_record
TN:
SF:src/Core/DependencyManager.js
FN:27,(anonymous_0)
FN:28,(anonymous_1)
FN:33,(anonymous_2)
FN:34,(anonymous_3)
FN:35,(anonymous_4)
FN:36,(anonymous_5)
FN:37,(anonymous_6)
FN:38,(anonymous_7)
FN:39,(anonymous_8)
FN:40,(anonymous_9)
FN:41,(anonymous_10)
FN:42,(anonymous_11)
FN:43,(anonymous_12)
FN:44,(anonymous_13)
FN:45,(anonymous_14)
FN:46,(anonymous_15)
FN:47,(anonymous_16)
FN:48,(anonymous_17)
FN:49,(anonymous_18)
FN:50,(anonymous_19)
FN:51,(anonymous_20)
FN:52,(anonymous_21)
FN:53,(anonymous_22)
FN:54,(anonymous_23)
FN:55,(anonymous_24)
FN:91,(anonymous_25)
FN:102,(anonymous_26)
FN:113,(anonymous_27)
FN:122,(anonymous_28)
FN:136,(anonymous_29)
FN:148,(anonymous_30)
FN:160,(anonymous_31)
FN:161,(anonymous_32)
FN:162,(anonymous_33)
FN:164,(anonymous_34)
FN:168,(anonymous_35)
FN:175,(anonymous_36)
FN:178,(anonymous_37)
FN:203,(anonymous_38)
FN:224,(anonymous_39)
FN:227,(anonymous_40)
FN:242,(anonymous_41)
FN:268,(anonymous_42)
FN:276,(anonymous_43)
FN:280,(anonymous_44)
FN:303,(anonymous_45)
FN:312,(anonymous_46)
FN:317,(anonymous_47)
FN:354,(anonymous_48)
FNF:49
FNH:21
FNDA:5,(anonymous_0)
FNDA:2,(anonymous_1)
FNDA:0,(anonymous_2)
FNDA:0,(anonymous_3)
FNDA:0,(anonymous_4)
FNDA:0,(anonymous_5)
FNDA:0,(anonymous_6)
FNDA:0,(anonymous_7)
FNDA:0,(anonymous_8)
FNDA:0,(anonymous_9)
FNDA:0,(anonymous_10)
FNDA:0,(anonymous_11)
FNDA:0,(anonymous_12)
FNDA:0,(anonymous_13)
FNDA:0,(anonymous_14)
FNDA:0,(anonymous_15)
FNDA:0,(anonymous_16)
FNDA:0,(anonymous_17)
FNDA:0,(anonymous_18)
FNDA:0,(anonymous_19)
FNDA:0,(anonymous_20)
FNDA:0,(anonymous_21)
FNDA:0,(anonymous_22)
FNDA:0,(anonymous_23)
FNDA:0,(anonymous_24)
FNDA:2,(anonymous_25)
FNDA:1,(anonymous_26)
FNDA:3,(anonymous_27)
FNDA:20,(anonymous_28)
FNDA:8,(anonymous_29)
FNDA:8,(anonymous_30)
FNDA:8,(anonymous_31)
FNDA:8,(anonymous_32)
FNDA:8,(anonymous_33)
FNDA:1,(anonymous_34)
FNDA:7,(anonymous_35)
FNDA:0,(anonymous_36)
FNDA:7,(anonymous_37)
FNDA:0,(anonymous_38)
FNDA:8,(anonymous_39)
FNDA:15,(anonymous_40)
FNDA:8,(anonymous_41)
FNDA:8,(anonymous_42)
FNDA:0,(anonymous_43)
FNDA:0,(anonymous_44)
FNDA:8,(anonymous_45)
FNDA:8,(anonymous_46)
FNDA:0,(anonymous_47)
FNDA:8,(anonymous_48)
DA:26,1
DA:27,5
DA:28,2
DA:32,1
DA:33,0
DA:34,0
DA:35,0
DA:36,0
DA:37,0
DA:38,0
DA:39,0
DA:40,0
DA:41,0
DA:42,0
DA:43,0
DA:44,0
DA:45,0
DA:46,0
DA:47,0
DA:48,0
DA:49,0
DA:50,0
DA:51,0
DA:52,0
DA:53,0
DA:54,0
DA:55,0
DA:59,1
DA:65,1
DA:86,1
DA:88,2
DA:89,2
DA:92,2
DA:93,2
DA:94,1
DA:103,25
DA:104,1
DA:106,25
DA:114,3
DA:123,20
DA:137,8
DA:139,8
DA:140,8
DA:141,8
DA:142,8
DA:144,8
DA:149,8
DA:154,8
DA:155,8
DA:160,8
DA:161,8
DA:162,8
DA:164,8
DA:165,1
DA:168,8
DA:173,8
DA:175,8
DA:179,7
DA:180,7
DA:181,0
DA:182,0
DA:183,0
DA:184,0
DA:187,7
DA:188,7
DA:189,7
DA:191,7
DA:194,7
DA:195,1
DA:198,1
DA:199,0
DA:200,1
DA:201,0
DA:203,1
DA:206,1
DA:207,6
DA:208,0
DA:211,7
DA:212,7
DA:214,7
DA:215,0
DA:218,0
DA:219,0
DA:225,8
DA:227,8
DA:228,15
DA:229,15
DA:230,15
DA:231,15
DA:232,15
DA:234,0
DA:235,0
DA:243,8
DA:245,0
DA:248,8
DA:249,0
DA:250,0
DA:251,0
DA:252,0
DA:254,0
DA:255,0
DA:256,0
DA:257,0
DA:260,0
DA:261,0
DA:262,0
DA:264,0
DA:269,8
DA:271,7
DA:272,7
DA:273,7
DA:275,7
DA:276,0
DA:279,7
DA:280,7
DA:281,0
DA:284,7
DA:286,8
DA:287,0
DA:293,7
DA:295,0
DA:296,0
DA:298,0
DA:304,8
DA:305,8
DA:306,8
DA:308,8
DA:309,8
DA:310,8
DA:312,8
DA:313,8
DA:314,8
DA:316,8
DA:317,8
DA:318,0
DA:319,0
DA:320,0
DA:325,0
DA:327,0
DA:330,8
DA:331,0
DA:332,0
DA:337,0
DA:338,0
DA:341,8
DA:344,8
DA:346,8
DA:347,8
DA:348,0
DA:350,8
DA:355,8
DA:357,8
DA:358,1
DA:359,1
DA:360,1
DA:363,8
DA:364,8
DA:365,8
LF:158
LH:94
BRDA:93,0,0,1
BRDA:93,0,1,1
BRDA:103,1,0,1
BRDA:103,1,1,24
BRDA:136,2,0,8
BRDA:148,3,0,8
BRDA:150,4,0,8
BRDA:150,4,1,0
BRDA:150,4,2,0
BRDA:151,5,0,8
BRDA:151,5,1,0
BRDA:151,5,2,0
BRDA:173,6,0,8
BRDA:173,6,1,0
BRDA:180,7,0,0
BRDA:180,7,1,7
BRDA:183,8,0,0
BRDA:183,8,1,0
BRDA:189,9,0,7
BRDA:189,9,1,0
BRDA:191,10,0,7
BRDA:191,10,1,5
BRDA:191,10,2,0
BRDA:194,11,0,1
BRDA:194,11,1,6
BRDA:194,12,0,7
BRDA:194,12,1,2
BRDA:195,13,0,1
BRDA:195,13,1,0
BRDA:195,13,2,0
BRDA:198,14,0,0
BRDA:198,14,1,1
BRDA:200,15,0,0
BRDA:200,15,1,1
BRDA:207,16,0,0
BRDA:207,16,1,6
BRDA:214,17,0,0
BRDA:214,17,1,7
BRDA:219,18,0,0
BRDA:219,18,1,0
BRDA:225,19,0,0
BRDA:225,19,1,8
BRDA:229,20,0,15
BRDA:229,20,1,0
BRDA:229,21,0,15
BRDA:229,21,1,14
BRDA:229,21,2,14
BRDA:235,22,0,0
BRDA:235,22,1,0
BRDA:242,23,0,8
BRDA:243,24,0,8
BRDA:243,24,1,0
BRDA:243,25,0,8
BRDA:243,25,1,7
BRDA:245,26,0,0
BRDA:245,26,1,0
BRDA:245,26,2,0
BRDA:248,27,0,0
BRDA:248,27,1,0
BRDA:261,28,0,0
BRDA:261,28,1,0
BRDA:269,29,0,1
BRDA:269,29,1,7
BRDA:269,30,0,8
BRDA:269,30,1,7
BRDA:275,31,0,0
BRDA:275,31,1,7
BRDA:275,32,0,7
BRDA:275,32,1,6
BRDA:286,33,0,0
BRDA:286,33,1,8
BRDA:295,34,0,0
BRDA:295,34,1,0
BRDA:305,35,0,8
BRDA:305,35,1,0
BRDA:313,36,0,0
BRDA:313,36,1,8
BRDA:316,37,0,8
BRDA:316,37,1,8
BRDA:318,38,0,0
BRDA:318,38,1,0
BRDA:319,39,0,0
BRDA:319,39,1,0
BRDA:330,40,0,0
BRDA:330,40,1,8
BRDA:330,41,0,8
BRDA:330,41,1,0
BRDA:331,42,0,0
BRDA:331,42,1,0
BRDA:347,43,0,0
BRDA:347,43,1,8
BRDA:354,44,0,8
BRDA:355,45,0,8
BRDA:355,45,1,7
BRDA:355,45,2,7
BRDA:357,46,0,1
BRDA:357,46,1,7
BRF:97
BRH:52
end_of_record
TN:
SF:src/Core/index.js
FNF:0
FNH:0
LF:0
LH:0
BRF:0
BRH:0
end_of_record
TN:
SF:src/Event/EventEmitter.js
FN:9,(anonymous_0)
FN:20,(anonymous_1)
FN:25,(anonymous_2)
FN:35,(anonymous_3)
FN:36,(anonymous_4)
FN:49,(anonymous_5)
FN:59,(anonymous_6)
FN:60,(anonymous_7)
FN:74,(anonymous_8)
FNF:9
FNH:9
FNDA:12,(anonymous_0)
FNDA:14,(anonymous_1)
FNDA:3,(anonymous_2)
FNDA:2,(anonymous_3)
FNDA:1,(anonymous_4)
FNDA:5,(anonymous_5)
FNDA:6,(anonymous_6)
FNDA:5,(anonymous_7)
FNDA:1,(anonymous_8)
DA:10,12
DA:21,14
DA:22,9
DA:24,14
DA:25,14
DA:36,2
DA:37,1
DA:38,1
DA:40,2
DA:50,5
DA:60,6
DA:61,5
DA:62,5
DA:64,1
DA:75,1
LF:15
LH:15
BRDA:21,0,0,9
BRDA:21,0,1,5
BRF:2
BRH:2
end_of_record
TN:
SF:src/Event/index.js
FNF:0
FNH:0
LF:0
LH:0
BRF:0
BRH:0
end_of_record
TN:
SF:src/Maths/CubicBezier.js
FN:24,(anonymous_0)
FN:48,(anonymous_1)
FN:57,(anonymous_2)
FN:61,(anonymous_3)
FN:65,(anonymous_4)
FN:69,(anonymous_5)
FN:76,(anonymous_6)
FN:83,(anonymous_7)
FN:90,(anonymous_8)
FN:98,(anonymous_9)
FNF:10
FNH:10
FNDA:21,(anonymous_0)
FNDA:132,(anonymous_1)
FNDA:132,(anonymous_2)
FNDA:42,(anonymous_3)
FNDA:84,(anonymous_4)
FNDA:168,(anonymous_5)
FNDA:506,(anonymous_6)
FNDA:127,(anonymous_7)
FNDA:379,(anonymous_8)
FNDA:127,(anonymous_9)
DA:8,21
DA:9,21
DA:25,21
DA:27,21
DA:32,21
DA:37,21
DA:49,132
DA:50,132
DA:51,129
DA:53,127
DA:54,127
DA:58,132
DA:62,42
DA:66,84
DA:70,168
DA:77,506
DA:84,127
DA:91,379
DA:100,127
DA:103,127
DA:104,506
DA:105,506
DA:107,506
DA:109,379
DA:110,379
DA:112,379
DA:115,379
DA:116,379
DA:120,0
DA:122,0
DA:123,0
DA:124,0
DA:126,0
DA:128,0
DA:129,0
DA:131,0
DA:135,0
LF:37
LH:28
BRDA:50,0,0,3
BRDA:50,0,1,129
BRDA:51,1,0,2
BRDA:51,1,1,127
BRDA:107,2,0,127
BRDA:107,2,1,379
BRDA:110,3,0,0
BRDA:110,3,1,379
BRDA:115,4,0,0
BRDA:115,4,1,379
BRDA:116,5,0,0
BRDA:116,5,1,379
BRDA:126,6,0,0
BRDA:126,6,1,0
BRDA:128,7,0,0
BRDA:128,7,1,0
BRF:16
BRH:9
end_of_record
TN:
SF:src/Maths/Ease.js
FN:24,(anonymous_0)
FN:25,(anonymous_1)
FN:26,(anonymous_2)
FN:33,(anonymous_3)
FN:39,(anonymous_4)
FN:45,(anonymous_5)
FN:50,(anonymous_6)
FN:55,(anonymous_7)
FN:62,(anonymous_8)
FN:67,(anonymous_9)
FN:72,(anonymous_10)
FN:79,(anonymous_11)
FN:84,(anonymous_12)
FN:89,(anonymous_13)
FN:96,(anonymous_14)
FN:101,(anonymous_15)
FN:106,(anonymous_16)
FN:113,(anonymous_17)
FN:118,(anonymous_18)
FN:123,(anonymous_19)
FN:130,(anonymous_20)
FN:136,(anonymous_21)
FN:142,(anonymous_22)
FN:151,(anonymous_23)
FN:156,(anonymous_24)
FN:161,(anonymous_25)
FN:170,(anonymous_26)
FN:176,(anonymous_27)
FN:182,(anonymous_28)
FN:191,(anonymous_29)
FN:199,(anonymous_30)
FN:207,(anonymous_31)
FN:218,(anonymous_32)
FN:223,(anonymous_33)
FN:236,(anonymous_34)
FN:251,(anonymous_35)
FN:269,(anonymous_36)
FN:279,(anonymous_37)
FN:331,(anonymous_38)
FN:332,(anonymous_39)
FN:337,(anonymous_40)
FN:347,(anonymous_41)
FNF:42
FNH:42
FNDA:12,(anonymous_0)
FNDA:51,(anonymous_1)
FNDA:28,(anonymous_2)
FNDA:1,(anonymous_3)
FNDA:1,(anonymous_4)
FNDA:1,(anonymous_5)
FNDA:1,(anonymous_6)
FNDA:1,(anonymous_7)
FNDA:1,(anonymous_8)
FNDA:1,(anonymous_9)
FNDA:1,(anonymous_10)
FNDA:1,(anonymous_11)
FNDA:1,(anonymous_12)
FNDA:1,(anonymous_13)
FNDA:1,(anonymous_14)
FNDA:1,(anonymous_15)
FNDA:1,(anonymous_16)
FNDA:1,(anonymous_17)
FNDA:1,(anonymous_18)
FNDA:1,(anonymous_19)
FNDA:1,(anonymous_20)
FNDA:1,(anonymous_21)
FNDA:1,(anonymous_22)
FNDA:1,(anonymous_23)
FNDA:1,(anonymous_24)
FNDA:1,(anonymous_25)
FNDA:1,(anonymous_26)
FNDA:1,(anonymous_27)
FNDA:1,(anonymous_28)
FNDA:1,(anonymous_29)
FNDA:1,(anonymous_30)
FNDA:1,(anonymous_31)
FNDA:1,(anonymous_32)
FNDA:1,(anonymous_33)
FNDA:1,(anonymous_34)
FNDA:1,(anonymous_35)
FNDA:3,(anonymous_36)
FNDA:1,(anonymous_37)
FNDA:1,(anonymous_38)
FNDA:3,(anonymous_39)
FNDA:2,(anonymous_40)
FNDA:1,(anonymous_41)
DA:15,1
DA:16,1
DA:17,1
DA:18,1
DA:19,1
DA:20,1
DA:21,1
DA:24,12
DA:25,51
DA:26,28
DA:34,240
DA:40,9
DA:46,7
DA:51,7
DA:56,7
DA:57,7
DA:63,9
DA:68,7
DA:73,9
DA:74,9
DA:80,7
DA:85,7
DA:90,9
DA:91,9
DA:97,7
DA:102,7
DA:107,9
DA:108,9
DA:114,7
DA:119,7
DA:124,9
DA:125,9
DA:131,7
DA:132,7
DA:137,7
DA:138,7
DA:143,7
DA:144,7
DA:145,4
DA:146,1
DA:152,7
DA:157,7
DA:162,4
DA:163,4
DA:171,7
DA:172,7
DA:177,7
DA:178,7
DA:183,4
DA:184,4
DA:192,7
DA:193,7
DA:194,4
DA:195,1
DA:200,7
DA:201,7
DA:202,4
DA:203,1
DA:208,4
DA:209,4
DA:210,2
DA:211,0
DA:219,8
DA:224,22
DA:225,22
DA:226,7
DA:227,15
DA:228,2
DA:229,13
DA:230,3
DA:232,10
DA:237,4
DA:238,4
DA:252,9
DA:255,8
DA:259,8
DA:260,5
DA:263,8
DA:265,4
DA:266,4
DA:268,4
DA:269,4
DA:281,3
DA:282,3
DA:285,2
DA:289,1
DA:332,10
DA:334,7
DA:335,7
DA:337,2
DA:348,3
DA:349,2
DA:351,3
LF:93
LH:92
BRDA:74,0,0,4
BRDA:74,0,1,5
BRDA:91,1,0,4
BRDA:91,1,1,5
BRDA:108,2,0,4
BRDA:108,2,1,5
BRDA:125,3,0,4
BRDA:125,3,1,5
BRDA:132,4,0,3
BRDA:132,4,1,4
BRDA:138,5,0,3
BRDA:138,5,1,4
BRDA:144,6,0,3
BRDA:144,6,1,4
BRDA:145,7,0,3
BRDA:145,7,1,1
BRDA:146,8,0,0
BRDA:146,8,1,1
BRDA:163,9,0,2
BRDA:163,9,1,2
BRDA:184,10,0,2
BRDA:184,10,1,2
BRDA:193,11,0,3
BRDA:193,11,1,4
BRDA:194,12,0,3
BRDA:194,12,1,1
BRDA:201,13,0,3
BRDA:201,13,1,4
BRDA:202,14,0,3
BRDA:202,14,1,1
BRDA:209,15,0,2
BRDA:209,15,1,2
BRDA:210,16,0,2
BRDA:210,16,1,0
BRDA:211,17,0,0
BRDA:211,17,1,0
BRDA:225,18,0,7
BRDA:225,18,1,15
BRDA:227,19,0,2
BRDA:227,19,1,13
BRDA:229,20,0,3
BRDA:229,20,1,10
BRDA:238,21,0,2
BRDA:238,21,1,2
BRDA:252,22,0,1
BRDA:252,22,1,8
BRDA:259,23,0,5
BRDA:259,23,1,3
BRDA:263,24,0,4
BRDA:263,24,1,4
BRDA:266,25,0,0
BRDA:266,25,1,4
BRDA:282,26,0,1
BRDA:282,26,1,2
BRDA:332,27,0,3
BRDA:332,27,1,7
BRDA:335,28,0,5
BRDA:335,28,1,2
BRDA:348,29,0,2
BRDA:348,29,1,1
BRF:60
BRH:55
end_of_record
TN:
SF:src/Maths/index.js
FNF:0
FNH:0
LF:0
LH:0
BRF:0
BRH:0
end_of_record
TN:
SF:src/String/index.js
FNF:0
FNH:0
LF:0
LH:0
BRF:0
BRH:0
end_of_record
TN:
SF:src/String/Effects/KPRScramble.js
FN:25,(anonymous_0)
FN:52,(anonymous_1)
FN:67,(anonymous_2)
FN:78,(anonymous_3)
FN:89,(anonymous_4)
FN:124,(anonymous_5)
FN:133,(anonymous_6)
FNF:7
FNH:6
FNDA:13,(anonymous_0)
FNDA:5,(anonymous_1)
FNDA:27,(anonymous_2)
FNDA:0,(anonymous_3)
FNDA:8,(anonymous_4)
FNDA:2,(anonymous_5)
FNDA:2,(anonymous_6)
DA:26,13
DA:33,13
DA:36,13
DA:37,13
DA:38,13
DA:39,13
DA:40,13
DA:41,13
DA:42,13
DA:45,13
DA:46,13
DA:53,5
DA:54,5
DA:55,5
DA:57,5
DA:58,5
DA:60,5
DA:61,5
DA:63,5
DA:64,5
DA:67,5
DA:68,27
DA:69,0
DA:71,27
DA:75,5
DA:76,5
DA:77,5
DA:78,5
DA:79,0
DA:83,5
DA:91,8
DA:93,8
DA:95,8
DA:96,17
DA:98,17
DA:99,4
DA:100,13
DA:102,13
DA:104,0
DA:109,8
DA:110,8
DA:113,8
DA:116,8
DA:117,1
DA:126,2
DA:127,2
DA:134,2
DA:135,2
DA:136,2
LF:49
LH:46
BRDA:25,0,0,13
BRDA:46,1,0,12
BRDA:46,1,1,1
BRDA:53,2,0,0
BRDA:53,2,1,5
BRDA:53,3,0,5
BRDA:53,3,1,5
BRDA:55,4,0,0
BRDA:55,4,1,5
BRDA:68,5,0,0
BRDA:68,5,1,27
BRDA:68,6,0,27
BRDA:68,6,1,11
BRDA:75,7,0,5
BRDA:75,7,1,0
BRDA:98,8,0,4
BRDA:98,8,1,13
BRDA:100,9,0,13
BRDA:100,9,1,0
BRDA:100,10,0,13
BRDA:100,10,1,0
BRDA:116,11,0,1
BRDA:116,11,1,7
BRF:23
BRH:17
end_of_record
TN:
SF:src/String/Effects/ScrambleEngine.js
FN:40,(anonymous_0)
FN:62,(anonymous_1)
FN:66,(anonymous_2)
FN:75,(anonymous_3)
FN:88,(anonymous_4)
FN:158,(anonymous_5)
FN:177,(anonymous_6)
FN:190,(anonymous_7)
FN:198,(anonymous_8)
FN:208,(anonymous_9)
FN:220,(anonymous_10)
FN:265,(anonymous_11)
FN:293,(anonymous_12)
FN:301,(anonymous_13)
FN:310,(anonymous_14)
FN:335,(anonymous_15)
FN:351,(anonymous_16)
FN:375,(anonymous_17)
FN:394,(anonymous_18)
FNF:19
FNH:15
FNDA:4,(anonymous_0)
FNDA:4,(anonymous_1)
FNDA:1320,(anonymous_2)
FNDA:4,(anonymous_3)
FNDA:71,(anonymous_4)
FNDA:69,(anonymous_5)
FNDA:14,(anonymous_6)
FNDA:11,(anonymous_7)
FNDA:46,(anonymous_8)
FNDA:14,(anonymous_9)
FNDA:17,(anonymous_10)
FNDA:1,(anonymous_11)
FNDA:0,(anonymous_12)
FNDA:0,(anonymous_13)
FNDA:0,(anonymous_14)
FNDA:5,(anonymous_15)
FNDA:8,(anonymous_16)
FNDA:26,(anonymous_17)
FNDA:0,(anonymous_18)
DA:23,4
DA:24,4
DA:25,4
DA:26,4
DA:27,4
DA:28,4
DA:46,96
DA:47,96
DA:48,96
DA:49,96
DA:50,96
DA:51,96
DA:52,95
DA:63,18
DA:64,2
DA:66,1320
DA:76,55
DA:77,1
DA:79,54
DA:90,71
DA:91,71
DA:92,1
DA:96,70
DA:108,70
DA:111,70
DA:114,69
DA:117,69
DA:118,69
DA:119,69
DA:122,69
DA:125,69
DA:126,69
DA:127,69
DA:128,69
DA:129,69
DA:132,69
DA:133,69
DA:134,69
DA:135,69
DA:138,69
DA:139,69
DA:140,0
DA:141,0
DA:145,69
DA:148,69
DA:149,69
DA:159,69
DA:160,53
DA:161,16
DA:162,16
DA:163,15
DA:165,1
DA:168,0
DA:178,14
DA:179,2
DA:180,1
DA:181,1
DA:191,11
DA:199,46
DA:209,14
DA:210,14
DA:211,14
DA:212,14
DA:221,17
DA:224,16
DA:225,16
DA:226,0
DA:227,0
DA:228,0
DA:229,0
DA:240,16
DA:241,16
DA:242,16
DA:243,16
DA:244,16
DA:245,16
DA:248,16
DA:254,16
DA:257,16
DA:266,1
DA:268,1
DA:270,1
DA:271,1
DA:272,1
DA:273,1
DA:274,1
DA:276,1
DA:278,1
DA:279,0
DA:280,0
DA:284,1
DA:285,1
DA:294,0
DA:302,0
DA:303,0
DA:304,0
DA:307,0
DA:308,0
DA:310,0
DA:311,0
DA:312,0
DA:314,0
DA:328,0
DA:336,5
DA:337,5
DA:338,5
DA:340,5
DA:341,5
DA:342,5
DA:343,5
DA:352,8
DA:353,8
DA:354,8
DA:357,8
DA:358,8
DA:364,8
DA:365,8
DA:376,26
DA:378,3
DA:379,3
DA:382,3
DA:385,20
DA:395,0
DA:401,0
DA:402,0
LF:125
LH:102
BRDA:40,0,0,96
BRDA:41,1,0,96
BRDA:42,2,0,96
BRDA:43,3,0,96
BRDA:44,4,0,96
BRDA:47,5,0,94
BRDA:47,5,1,2
BRDA:48,6,0,1
BRDA:48,6,1,95
BRDA:49,7,0,94
BRDA:49,7,1,2
BRDA:50,8,0,23
BRDA:50,8,1,73
BRDA:51,9,0,1
BRDA:51,9,1,95
BRDA:62,10,0,18
BRDA:62,11,0,18
BRDA:63,12,0,2
BRDA:63,12,1,16
BRDA:63,13,0,18
BRDA:63,13,1,18
BRDA:63,13,2,17
BRDA:76,14,0,1
BRDA:76,14,1,54
BRDA:76,15,0,55
BRDA:76,15,1,54
BRDA:88,16,0,71
BRDA:90,17,0,70
BRDA:90,17,1,1
BRDA:91,18,0,1
BRDA:91,18,1,70
BRDA:111,19,0,1
BRDA:111,19,1,69
BRDA:139,20,0,0
BRDA:139,20,1,69
BRDA:159,21,0,53
BRDA:159,21,1,16
BRDA:161,22,0,16
BRDA:161,22,1,0
BRDA:161,23,0,16
BRDA:161,23,1,16
BRDA:162,24,0,15
BRDA:162,24,1,1
BRDA:178,25,0,12
BRDA:178,25,1,2
BRDA:179,26,0,1
BRDA:179,26,1,1
BRDA:208,27,0,14
BRDA:209,28,0,0
BRDA:209,28,1,14
BRDA:211,29,0,1
BRDA:211,29,1,13
BRDA:212,30,0,0
BRDA:212,30,1,14
BRDA:221,31,0,1
BRDA:221,31,1,16
BRDA:221,32,0,17
BRDA:221,32,1,16
BRDA:225,33,0,0
BRDA:225,33,1,16
BRDA:254,34,0,1
BRDA:254,34,1,15
BRDA:266,35,0,0
BRDA:266,35,1,1
BRDA:270,36,0,1
BRDA:270,36,1,0
BRDA:276,37,0,1
BRDA:276,37,1,0
BRDA:278,38,0,0
BRDA:278,38,1,1
BRDA:284,39,0,1
BRDA:284,39,1,0
BRDA:302,40,0,0
BRDA:302,40,1,0
BRDA:302,41,0,0
BRDA:302,41,1,0
BRDA:336,42,0,5
BRDA:336,42,1,0
BRDA:341,43,0,5
BRDA:341,43,1,0
BRDA:342,44,0,5
BRDA:342,44,1,0
BRDA:364,45,0,2
BRDA:364,45,1,6
BRDA:365,46,0,4
BRDA:365,46,1,4
BRDA:376,47,0,3
BRDA:376,47,1,3
BRDA:376,47,2,20
BRDA:376,47,3,20
BRDA:401,48,0,0
BRDA:401,48,1,0
BRDA:402,49,0,0
BRDA:402,49,1,0
BRF:94
BRH:73
end_of_record
TN:
SF:src/String/Effects/WriterScramble.js
FN:30,(anonymous_0)
FN:52,(anonymous_1)
FN:64,(anonymous_2)
FN:73,(anonymous_3)
FN:84,(anonymous_4)
FN:91,(anonymous_5)
FN:135,(anonymous_6)
FN:143,(anonymous_7)
FNF:8
FNH:7
FNDA:10,(anonymous_0)
FNDA:14,(anonymous_1)
FNDA:7,(anonymous_2)
FNDA:6,(anonymous_3)
FNDA:0,(anonymous_4)
FNDA:7,(anonymous_5)
FNDA:1,(anonymous_6)
FNDA:1,(anonymous_7)
DA:31,10
DA:40,10
DA:42,10
DA:43,10
DA:44,10
DA:45,10
DA:53,14
DA:54,14
DA:55,14
DA:56,14
DA:65,7
DA:66,7
DA:67,7
DA:74,6
DA:75,6
DA:76,6
DA:78,6
DA:79,6
DA:81,6
DA:82,6
DA:83,6
DA:84,6
DA:92,7
DA:93,0
DA:94,0
DA:95,0
DA:98,7
DA:100,7
DA:103,7
DA:104,5
DA:105,5
DA:107,2
DA:108,2
DA:110,2
DA:111,2
DA:112,2
DA:116,7
DA:118,6
DA:120,6
DA:122,4
DA:123,4
DA:124,3
DA:129,7
DA:136,1
DA:137,1
DA:144,1
DA:145,1
LF:47
LH:44
BRDA:30,0,0,10
BRDA:64,1,0,7
BRDA:67,2,0,1
BRDA:67,2,1,6
BRDA:74,3,0,0
BRDA:74,3,1,6
BRDA:74,4,0,6
BRDA:74,4,1,6
BRDA:76,5,0,0
BRDA:76,5,1,6
BRDA:81,6,0,6
BRDA:81,6,1,0
BRDA:92,7,0,0
BRDA:92,7,1,7
BRDA:103,8,0,5
BRDA:103,8,1,2
BRDA:116,9,0,6
BRDA:116,9,1,1
BRDA:116,10,0,7
BRDA:116,10,1,6
BRDA:120,11,0,4
BRDA:120,11,1,2
BRDA:123,12,0,3
BRDA:123,12,1,1
BRF:24
BRH:20
end_of_record
TN:
SF:src/String/Effects/YugopScramble.js
FN:35,(anonymous_0)
FN:73,(anonymous_1)
FN:84,(anonymous_2)
FN:118,(anonymous_3)
FN:159,(anonymous_4)
FN:188,(anonymous_5)
FN:202,(anonymous_6)
FN:222,(anonymous_7)
FN:236,(anonymous_8)
FNF:9
FNH:8
FNDA:14,(anonymous_0)
FNDA:3,(anonymous_1)
FNDA:5,(anonymous_2)
FNDA:2,(anonymous_3)
FNDA:2,(anonymous_4)
FNDA:0,(anonymous_5)
FNDA:2,(anonymous_6)
FNDA:5,(anonymous_7)
FNDA:1,(anonymous_8)
DA:36,14
DA:51,14
DA:54,14
DA:55,4
DA:59,14
DA:60,14
DA:63,14
DA:64,14
DA:65,14
DA:66,14
DA:67,14
DA:74,3
DA:75,3
DA:76,3
DA:78,3
DA:79,3
DA:81,3
DA:84,3
DA:85,5
DA:86,5
DA:87,5
DA:88,5
DA:92,3
DA:94,1
DA:95,1
DA:96,1
DA:97,1
DA:101,1
DA:102,1
DA:103,1
DA:108,1
DA:109,1
DA:110,1
DA:119,2
DA:121,2
DA:123,0
DA:124,0
DA:126,0
DA:127,2
DA:128,1
DA:129,1
DA:131,1
DA:132,0
DA:136,1
DA:137,1
DA:139,1
DA:140,1
DA:144,2
DA:145,2
DA:147,2
DA:148,2
DA:149,2
DA:160,2
DA:162,2
DA:163,0
DA:165,0
DA:166,0
DA:170,0
DA:172,0
DA:176,0
DA:177,0
DA:179,2
DA:180,2
DA:189,0
DA:190,0
DA:191,0
DA:193,0
DA:194,0
DA:203,2
DA:204,3
DA:205,0
DA:206,0
DA:208,3
DA:209,1
DA:212,2
DA:223,5
DA:224,1
DA:225,4
DA:226,2
DA:229,2
DA:237,1
DA:238,1
DA:239,1
DA:240,1
LF:84
LH:66
BRDA:35,0,0,14
BRDA:54,1,0,4
BRDA:54,1,1,10
BRDA:55,2,0,4
BRDA:55,2,1,0
BRDA:60,3,0,13
BRDA:60,3,1,1
BRDA:74,4,0,0
BRDA:74,4,1,3
BRDA:74,5,0,3
BRDA:74,5,1,3
BRDA:76,6,0,0
BRDA:76,6,1,3
BRDA:85,7,0,0
BRDA:85,7,1,5
BRDA:87,8,0,3
BRDA:87,8,1,2
BRDA:88,9,0,3
BRDA:88,9,1,2
BRDA:92,10,0,1
BRDA:92,10,1,1
BRDA:92,10,2,1
BRDA:92,10,3,1
BRDA:121,11,0,0
BRDA:121,11,1,2
BRDA:123,12,0,0
BRDA:123,12,1,0
BRDA:124,13,0,0
BRDA:124,13,1,0
BRDA:127,14,0,1
BRDA:127,14,1,1
BRDA:128,15,0,1
BRDA:128,15,1,1
BRDA:129,16,0,1
BRDA:129,16,1,1
BRDA:131,17,0,0
BRDA:131,17,1,1
BRDA:136,18,0,1
BRDA:136,18,1,1
BRDA:137,19,0,1
BRDA:137,19,1,1
BRDA:139,20,0,1
BRDA:139,20,1,0
BRDA:147,21,0,2
BRDA:147,21,1,0
BRDA:147,22,0,2
BRDA:147,22,1,2
BRDA:162,23,0,0
BRDA:162,23,1,2
BRDA:162,24,0,2
BRDA:162,24,1,0
BRDA:163,25,0,0
BRDA:163,25,1,0
BRDA:176,26,0,0
BRDA:176,26,1,0
BRDA:190,27,0,0
BRDA:190,27,1,0
BRDA:193,28,0,0
BRDA:193,28,1,0
BRDA:204,29,0,0
BRDA:204,29,1,3
BRDA:205,30,0,0
BRDA:205,30,1,0
BRDA:205,31,0,0
BRDA:205,31,1,0
BRDA:208,32,0,1
BRDA:208,32,1,2
BRDA:209,33,0,0
BRDA:209,33,1,1
BRDA:212,34,0,0
BRDA:212,34,1,2
BRDA:223,35,0,1
BRDA:223,35,1,4
BRDA:224,36,0,1
BRDA:224,36,1,1
BRDA:225,37,0,2
BRDA:225,37,1,2
BRF:77
BRH:48
end_of_record
TN:
SF:src/String/Effects/index.js
FNF:0
FNH:0
LF:0
LH:0
BRF:0
BRH:0
end_of_record
